# JRE version: Java(TM) SE Runtime Environment (8.0_161-b12) (build 1.8.0_161-b12)
# Java VM: Java HotSpot(TM) 64-Bit Server VM (25.161-b12 mixed mode linux-amd64 compressed oops)
Heap:
 PSYoungGen      total 25088K, used 2763K [0x00000000d6800000, 0x00000000d8180000, 0x0000000100000000)
  eden space 24064K, 10% used [0x00000000d6800000,0x00000000d6a8ae00,0x00000000d7f80000)
  from space 1024K, 15% used [0x00000000d8080000,0x00000000d80a8000,0x00000000d8180000)
  to   space 1024K, 0% used [0x00000000d7f80000,0x00000000d7f80000,0x00000000d8080000)
 ParOldGen       total 86016K, used 6056K [0x0000000083800000, 0x0000000088c00000, 0x00000000d6800000)
  object space 86016K, 7% used [0x0000000083800000,0x0000000083dea338,0x0000000088c00000)
 Metaspace       used 16719K, capacity 17376K, committed 17664K, reserved 1064960K
  class space    used 2260K, capacity 2437K, committed 2560K, reserved 1048576K
GC Heap History (10 events):
Event: 167.605 GC heap before
{Heap before GC invocations=48 (full 0):
 PSYoungGen      total 25088K, used 24224K [0x00000000d6800000, 0x00000000d8180000, 0x0000000100000000)
  eden space 24064K, 100% used [0x00000000d6800000,0x00000000d7f80000,0x00000000d7f80000)
  from space 1024K, 15% used [0x00000000d7f80000,0x00000000d7fa8000,0x00000000d8080000)
  to   space 1024K, 0% used [0x00000000d8080000,0x00000000d8080000,0x00000000d8180000)
 ParOldGen       total 86016K, used 5992K [0x0000000083800000, 0x0000000088c00000, 0x00000000d6800000)
  object space 86016K, 6% used [0x0000000083800000,0x0000000083dda338,0x0000000088c00000)
 Metaspace       used 16705K, capacity 17376K, committed 17664K, reserved 1064960K
  class space    used 2260K, capacity 2437K, committed 2560K, reserved 1048576K
Event: 167.607 GC heap after
Heap after GC invocations=48 (full 0):
 PSYoungGen      total 25088K, used 160K [0x00000000d6800000, 0x00000000d8180000, 0x0000000100000000)
  eden space 24064K, 0% used [0x00000000d6800000,0x00000000d6800000,0x00000000d7f80000)
  from space 1024K, 15% used [0x00000000d8080000,0x00000000d80a8000,0x00000000d8180000)
  to   space 1024K, 0% used [0x00000000d7f80000,0x00000000d7f80000,0x00000000d8080000)
 ParOldGen       total 86016K, used 6008K [0x0000000083800000, 0x0000000088c00000, 0x00000000d6800000)
  object space 86016K, 6% used [0x0000000083800000,0x0000000083dde338,0x0000000088c00000)
 Metaspace       used 16705K, capacity 17376K, committed 17664K, reserved 1064960K
  class space    used 2260K, capacity 2437K, committed 2560K, reserved 1048576K
}
Event: 171.160 GC heap before
{Heap before GC invocations=49 (full 0):
 PSYoungGen      total 25088K, used 24224K [0x00000000d6800000, 0x00000000d8180000, 0x0000000100000000)
  eden space 24064K, 100% used [0x00000000d6800000,0x00000000d7f80000,0x00000000d7f80000)
  from space 1024K, 15% used [0x00000000d8080000,0x00000000d80a8000,0x00000000d8180000)
  to   space 1024K, 0% used [0x00000000d7f80000,0x00000000d7f80000,0x00000000d8080000)
 ParOldGen       total 86016K, used 6008K [0x0000000083800000, 0x0000000088c00000, 0x00000000d6800000)
  object space 86016K, 6% used [0x0000000083800000,0x0000000083dde338,0x0000000088c00000)
 Metaspace       used 16705K, capacity 17376K, committed 17664K, reserved 1064960K
  class space    used 2260K, capacity 2437K, committed 2560K, reserved 1048576K
Event: 171.162 GC heap after
Heap after GC invocations=49 (full 0):
 PSYoungGen      total 25088K, used 64K [0x00000000d6800000, 0x00000000d8180000, 0x0000000100000000)
  eden space 24064K, 0% used [0x00000000d6800000,0x00000000d6800000,0x00000000d7f80000)
  from space 1024K, 6% used [0x00000000d7f80000,0x00000000d7f90000,0x00000000d8080000)
  to   space 1024K, 0% used [0x00000000d8080000,0x00000000d8080000,0x00000000d8180000)
 ParOldGen       total 86016K, used 6016K [0x0000000083800000, 0x0000000088c00000, 0x00000000d6800000)
  object space 86016K, 6% used [0x0000000083800000,0x0000000083de0338,0x0000000088c00000)
 Metaspace       used 16705K, capacity 17376K, committed 17664K, reserved 1064960K
  class space    used 2260K, capacity 2437K, committed 2560K, reserved 1048576K
}
Event: 172.904 GC heap before
{Heap before GC invocations=50 (full 0):
 PSYoungGen      total 25088K, used 24128K [0x00000000d6800000, 0x00000000d8180000, 0x0000000100000000)
  eden space 24064K, 100% used [0x00000000d6800000,0x00000000d7f80000,0x00000000d7f80000)
  from space 1024K, 6% used [0x00000000d7f80000,0x00000000d7f90000,0x00000000d8080000)
  to   space 1024K, 0% used [0x00000000d8080000,0x00000000d8080000,0x00000000d8180000)
 ParOldGen       total 86016K, used 6016K [0x0000000083800000, 0x0000000088c00000, 0x00000000d6800000)
  object space 86016K, 6% used [0x0000000083800000,0x0000000083de0338,0x0000000088c00000)
 Metaspace       used 16705K, capacity 17376K, committed 17664K, reserved 1064960K
  class space    used 2260K, capacity 2437K, committed 2560K, reserved 1048576K
Event: 172.905 GC heap after
Heap after GC invocations=50 (full 0):
 PSYoungGen      total 25088K, used 64K [0x00000000d6800000, 0x00000000d8180000, 0x0000000100000000)
  eden space 24064K, 0% used [0x00000000d6800000,0x00000000d6800000,0x00000000d7f80000)
  from space 1024K, 6% used [0x00000000d8080000,0x00000000d8090000,0x00000000d8180000)
  to   space 1024K, 0% used [0x00000000d7f80000,0x00000000d7f80000,0x00000000d8080000)
 ParOldGen       total 86016K, used 6024K [0x0000000083800000, 0x0000000088c00000, 0x00000000d6800000)
  object space 86016K, 7% used [0x0000000083800000,0x0000000083de2338,0x0000000088c00000)
 Metaspace       used 16705K, capacity 17376K, committed 17664K, reserved 1064960K
  class space    used 2260K, capacity 2437K, committed 2560K, reserved 1048576K
}
Event: 174.594 GC heap before
{Heap before GC invocations=51 (full 0):
 PSYoungGen      total 25088K, used 24128K [0x00000000d6800000, 0x00000000d8180000, 0x0000000100000000)
  eden space 24064K, 100% used [0x00000000d6800000,0x00000000d7f80000,0x00000000d7f80000)
  from space 1024K, 6% used [0x00000000d8080000,0x00000000d8090000,0x00000000d8180000)
  to   space 1024K, 0% used [0x00000000d7f80000,0x00000000d7f80000,0x00000000d8080000)
 ParOldGen       total 86016K, used 6024K [0x0000000083800000, 0x0000000088c00000, 0x00000000d6800000)
  object space 86016K, 7% used [0x0000000083800000,0x0000000083de2338,0x0000000088c00000)
 Metaspace       used 16705K, capacity 17376K, committed 17664K, reserved 1064960K
  class space    used 2260K, capacity 2437K, committed 2560K, reserved 1048576K
Event: 174.595 GC heap after
Heap after GC invocations=51 (full 0):
 PSYoungGen      total 25088K, used 160K [0x00000000d6800000, 0x00000000d8180000, 0x0000000100000000)
  eden space 24064K, 0% used [0x00000000d6800000,0x00000000d6800000,0x00000000d7f80000)
  from space 1024K, 15% used [0x00000000d7f80000,0x00000000d7fa8000,0x00000000d8080000)
  to   space 1024K, 0% used [0x00000000d8080000,0x00000000d8080000,0x00000000d8180000)
 ParOldGen       total 86016K, used 6040K [0x0000000083800000, 0x0000000088c00000, 0x00000000d6800000)
  object space 86016K, 7% used [0x0000000083800000,0x0000000083de6338,0x0000000088c00000)
 Metaspace       used 16705K, capacity 17376K, committed 17664K, reserved 1064960K
  class space    used 2260K, capacity 2437K, committed 2560K, reserved 1048576K
}
Event: 176.289 GC heap before
{Heap before GC invocations=52 (full 0):
 PSYoungGen      total 25088K, used 24224K [0x00000000d6800000, 0x00000000d8180000, 0x0000000100000000)
  eden space 24064K, 100% used [0x00000000d6800000,0x00000000d7f80000,0x00000000d7f80000)
  from space 1024K, 15% used [0x00000000d7f80000,0x00000000d7fa8000,0x00000000d8080000)
  to   space 1024K, 0% used [0x00000000d8080000,0x00000000d8080000,0x00000000d8180000)
 ParOldGen       total 86016K, used 6040K [0x0000000083800000, 0x0000000088c00000, 0x00000000d6800000)
  object space 86016K, 7% used [0x0000000083800000,0x0000000083de6338,0x0000000088c00000)
 Metaspace       used 16710K, capacity 17376K, committed 17664K, reserved 1064960K
  class space    used 2260K, capacity 2437K, committed 2560K, reserved 1048576K
Event: 176.290 GC heap after
Heap after GC invocations=52 (full 0):
 PSYoungGen      total 25088K, used 160K [0x00000000d6800000, 0x00000000d8180000, 0x0000000100000000)
  eden space 24064K, 0% used [0x00000000d6800000,0x00000000d6800000,0x00000000d7f80000)
  from space 1024K, 15% used [0x00000000d8080000,0x00000000d80a8000,0x00000000d8180000)
  to   space 1024K, 0% used [0x00000000d7f80000,0x00000000d7f80000,0x00000000d8080000)
 ParOldGen       total 86016K, used 6056K [0x0000000083800000, 0x0000000088c00000, 0x00000000d6800000)
  object space 86016K, 7% used [0x0000000083800000,0x0000000083dea338,0x0000000088c00000)
 Metaspace       used 16710K, capacity 17376K, committed 17664K, reserved 1064960K
  class space    used 2260K, capacity 2437K, committed 2560K, reserved 1048576K
}

